2026-06-13 12:44:41 info: Server running on http://127.0.0.1:3000
2026-06-13 12:44:44 info: Server running on http://127.0.0.1:3000
2026-06-13 12:44:45 info: Cron jobs initialized successfully.
2026-06-13 12:53:54 info: Server running on http://127.0.0.1:3000
2026-06-13 12:53:55 info: Cron jobs initialized successfully.
2026-06-13 12:58:41 info: Server running on http://127.0.0.1:3000
2026-06-13 12:58:44 info: Cron jobs initialized successfully.
2026-06-13 13:00:00 info: Running cron job: Checking for expired jobs...
2026-06-13 13:00:05 error: Error running expired jobs cron job: PrismaClientInitializationError: 
Invalid `prisma.job.findMany()` invocation in
C:\Users\Admin\Documents\jugad\job-main\backend\src\lib\cronJobs.ts:13:44

  10 logger.info('Running cron job: Checking for expired jobs...');
  11 const now = new Date();
  12 
→ 13 const expiredJobs = await prisma.job.findMany(
Can't reach database server at `ep-red-shape-aog7y9yt.c-2.ap-southeast-1.aws.neon.tech:5432`

Please make sure your database server is running at `ep-red-shape-aog7y9yt.c-2.ap-southeast-1.aws.neon.tech:5432`.
2026-06-13 13:02:52 info: [0mGET /api/admin/subscriptions [33m401[0m 17.576 ms - 30[0m
2026-06-13 13:02:52 info: [0mGET /health [32m200[0m 3.597 ms - 49[0m
2026-06-13 13:04:30 info: Server running on http://127.0.0.1:3000
2026-06-13 13:04:31 info: Cron jobs initialized successfully.
2026-06-13 13:07:30 info: Server running on http://127.0.0.1:3000
2026-06-13 13:07:30 info: Cron jobs initialized successfully.
2026-06-13 13:08:32 info: [0mGET /health [32m200[0m 14.414 ms - 49[0m
2026-06-13 13:08:32 info: [0mOPTIONS /api/admin/subscriptions [32m204[0m 1.425 ms - 0[0m
2026-06-13 13:08:32 info: [0mOPTIONS /api/admin/hospitals [32m204[0m 0.463 ms - 0[0m
2026-06-13 13:08:32 info: [0mGET /api/admin/hospitals [33m401[0m 20.568 ms - 42[0m
2026-06-13 13:08:32 info: [0mOPTIONS /api/admin/recruiters [32m204[0m 0.399 ms - 0[0m
2026-06-13 13:08:32 info: [0mOPTIONS /api/admin/subscriptions [32m204[0m 0.506 ms - 0[0m
2026-06-13 13:08:33 info: [0mGET /api/admin/subscriptions [33m401[0m 14.614 ms - 42[0m
2026-06-13 13:08:33 info: [0mGET /api/admin/recruiters [33m401[0m 6.345 ms - 42[0m
2026-06-13 13:08:33 info: [0mOPTIONS /api/admin/candidates [32m204[0m 0.778 ms - 0[0m
2026-06-13 13:08:33 info: [0mGET /api/admin/candidates [33m401[0m 10.597 ms - 42[0m
2026-06-13 13:08:33 info: [0mOPTIONS /api/admin/stats [32m204[0m 2.547 ms - 0[0m
2026-06-13 13:08:33 info: [0mGET /api/admin/subscriptions [33m401[0m 15.296 ms - 42[0m
2026-06-13 13:08:34 info: [0mGET /api/admin/stats [33m401[0m 10.428 ms - 42[0m
2026-06-13 13:08:34 info: [0mOPTIONS /api/admin/logs [32m204[0m 0.667 ms - 0[0m
2026-06-13 13:08:34 info: [0mGET /api/admin/logs [33m401[0m 4.461 ms - 42[0m
2026-06-13 13:08:34 info: [0mOPTIONS /api/admin/jobs [32m204[0m 0.470 ms - 0[0m
2026-06-13 13:08:34 info: [0mGET /api/admin/jobs [33m401[0m 11.273 ms - 42[0m
2026-06-13 13:08:34 info: [0mOPTIONS /api/admin/applications [32m204[0m 64.290 ms - 0[0m
2026-06-13 13:08:34 info: [0mGET /api/admin/applications [33m401[0m 6.104 ms - 42[0m
2026-06-13 13:08:35 info: [0mGET /health [32m200[0m 1.582 ms - 49[0m
2026-06-13 13:08:42 info: [0mOPTIONS /api/candidates/me [32m204[0m 0.523 ms - 0[0m
2026-06-13 13:08:42 info: [0mGET /health [32m200[0m 0.861 ms - 49[0m
2026-06-13 13:08:42 info: [0mGET /health [32m200[0m 1.390 ms - 49[0m
2026-06-13 13:08:42 info: [0mOPTIONS /api/saved-jobs [32m204[0m 0.473 ms - 0[0m
2026-06-13 13:08:47 error: PrismaClientInitializationError: 
Invalid `prisma.savedJob.findMany()` invocation in
C:\Users\Admin\Documents\jugad\job-main\backend\src\routes\savedJobRoutes.ts:17:45

  14   res.status(400).json({ error: 'No candidate profile linked' });
  15   return;
  16 }
→ 17 const savedJobs = await prisma.savedJob.findMany(
Can't reach database server at `ep-red-shape-aog7y9yt.c-2.ap-southeast-1.aws.neon.tech:5432`

Please make sure your database server is running at `ep-red-shape-aog7y9yt.c-2.ap-southeast-1.aws.neon.tech:5432`.
    at Un.handleRequestError (C:\Users\Admin\Documents\jugad\job-main\backend\node_modules\@prisma\client\runtime\library.js:121:7748)
    at Un.handleAndLogRequestError (C:\Users\Admin\Documents\jugad\job-main\backend\node_modules\@prisma\client\runtime\library.js:121:6771)
    at Un.request (C:\Users\Admin\Documents\jugad\job-main\backend\node_modules\@prisma\client\runtime\library.js:121:6478)
    at async l (C:\Users\Admin\Documents\jugad\job-main\backend\node_modules\@prisma\client\runtime\library.js:130:9644)
    at async <anonymous> (C:\Users\Admin\Documents\jugad\job-main\backend\src\routes\savedJobRoutes.ts:17:23)
2026-06-13 13:08:47 error: PrismaClientInitializationError: 
Invalid `prisma.candidate.findUnique()` invocation in
C:\Users\Admin\Documents\jugad\job-main\backend\src\routes\candidateRoutes.ts:231:46

  228   res.status(404).json({ error: 'No candidate profile linked to your account' });
  229   return;
  230 }
→ 231 const candidate = await prisma.candidate.findUnique(
Can't reach database server at `ep-red-shape-aog7y9yt.c-2.ap-southeast-1.aws.neon.tech:5432`

Please make sure your database server is running at `ep-red-shape-aog7y9yt.c-2.ap-southeast-1.aws.neon.tech:5432`.
    at Un.handleRequestError (C:\Users\Admin\Documents\jugad\job-main\backend\node_modules\@prisma\client\runtime\library.js:121:7748)
    at Un.handleAndLogRequestError (C:\Users\Admin\Documents\jugad\job-main\backend\node_modules\@prisma\client\runtime\library.js:121:6771)
    at Un.request (C:\Users\Admin\Documents\jugad\job-main\backend\node_modules\@prisma\client\runtime\library.js:121:6478)
    at async l (C:\Users\Admin\Documents\jugad\job-main\backend\node_modules\@prisma\client\runtime\library.js:130:9644)
    at async <anonymous> (C:\Users\Admin\Documents\jugad\job-main\backend\src\routes\candidateRoutes.ts:231:23)
2026-06-13 13:08:47 info: [0mGET /api/saved-jobs [31m500[0m 5198.430 ms - 33[0m
2026-06-13 13:08:47 info: [0mGET /api/candidates/me [31m500[0m 5213.164 ms - 33[0m
2026-06-13 13:08:53 info: [0mOPTIONS /api/admin/hospitals [32m204[0m 0.545 ms - 0[0m
2026-06-13 13:08:54 info: [0mGET /health [32m200[0m 0.945 ms - 49[0m
2026-06-13 13:08:54 info: [0mGET /api/admin/hospitals [33m401[0m 48.692 ms - 42[0m
2026-06-13 13:08:54 info: [0mOPTIONS /api/admin/recruiters [32m204[0m 0.337 ms - 0[0m
2026-06-13 13:08:54 info: [0mGET /api/admin/recruiters [33m401[0m 4.256 ms - 42[0m
2026-06-13 13:08:54 info: [0mOPTIONS /api/admin/candidates [32m204[0m 0.397 ms - 0[0m
2026-06-13 13:08:55 info: [0mGET /api/admin/candidates [33m401[0m 3.829 ms - 42[0m
2026-06-13 13:08:55 info: [0mOPTIONS /api/admin/stats [32m204[0m 0.397 ms - 0[0m
2026-06-13 13:08:55 info: [0mGET /api/admin/stats [33m401[0m 4.934 ms - 42[0m
2026-06-13 13:08:55 info: [0mOPTIONS /api/admin/logs [32m204[0m 0.382 ms - 0[0m
2026-06-13 13:08:55 info: [0mGET /api/admin/logs [33m401[0m 4.618 ms - 42[0m
2026-06-13 13:08:55 info: [0mOPTIONS /api/admin/jobs [32m204[0m 0.579 ms - 0[0m
2026-06-13 13:08:56 info: [0mGET /api/admin/jobs [33m401[0m 7.188 ms - 42[0m
2026-06-13 13:08:56 info: [0mOPTIONS /api/admin/applications [32m204[0m 0.385 ms - 0[0m
2026-06-13 13:08:56 info: [0mGET /api/admin/applications [33m401[0m 12.810 ms - 42[0m
2026-06-13 13:09:06 info: [0mGET /health [32m200[0m 0.868 ms - 49[0m
2026-06-13 13:09:06 info: [0mOPTIONS /api/admin/hospitals [32m204[0m 0.301 ms - 0[0m
2026-06-13 13:09:06 info: [0mGET /api/admin/hospitals [33m401[0m 5.783 ms - 42[0m
2026-06-13 13:09:07 info: [0mOPTIONS /api/admin/recruiters [32m204[0m 0.227 ms - 0[0m
2026-06-13 13:09:08 info: [0mGET /api/admin/recruiters [33m401[0m 8.400 ms - 42[0m
2026-06-13 13:09:08 info: [0mOPTIONS /api/admin/candidates [32m204[0m 0.410 ms - 0[0m
2026-06-13 13:09:08 info: [0mGET /api/admin/candidates [33m401[0m 4.548 ms - 42[0m
2026-06-13 13:09:08 info: [0mOPTIONS /api/admin/stats [32m204[0m 0.352 ms - 0[0m
2026-06-13 13:09:08 info: [0mGET /api/admin/stats [33m401[0m 5.167 ms - 42[0m
2026-06-13 13:09:08 info: [0mOPTIONS /api/admin/logs [32m204[0m 0.878 ms - 0[0m
2026-06-13 13:09:09 info: [0mGET /api/admin/logs [33m401[0m 4.385 ms - 42[0m
2026-06-13 13:09:09 info: [0mOPTIONS /api/admin/jobs [32m204[0m 0.482 ms - 0[0m
2026-06-13 13:09:09 info: [0mGET /api/admin/jobs [33m401[0m 7.278 ms - 42[0m
2026-06-13 13:09:10 info: [0mOPTIONS /api/admin/applications [32m204[0m 0.382 ms - 0[0m
2026-06-13 13:09:10 info: [0mGET /api/admin/applications [33m401[0m 10.064 ms - 42[0m
2026-06-13 13:09:25 info: [0mOPTIONS /api/admin/auth/login [32m204[0m 0.464 ms - 0[0m
2026-06-13 13:09:32 info: Server running on http://127.0.0.1:3000
2026-06-13 13:09:32 info: Cron jobs initialized successfully.
2026-06-13 13:11:02 info: [0mOPTIONS /api/admin/auth/login [32m204[0m 4.824 ms - 0[0m
2026-06-13 13:11:07 error: PrismaClientInitializationError: 
Invalid `prisma.adminUser.findUnique()` invocation in
C:\Users\Admin\Documents\jugad\job-main\backend\src\routes\admin\adminAuthRoutes.ts:21:42

  18   return;
  19 }
  20 try {
→ 21   const admin = await prisma.adminUser.findUnique(
Can't reach database server at `ep-red-shape-aog7y9yt.c-2.ap-southeast-1.aws.neon.tech:5432`

Please make sure your database server is running at `ep-red-shape-aog7y9yt.c-2.ap-southeast-1.aws.neon.tech:5432`.
    at Un.handleRequestError (C:\Users\Admin\Documents\jugad\job-main\backend\node_modules\@prisma\client\runtime\library.js:121:7748)
    at Un.handleAndLogRequestError (C:\Users\Admin\Documents\jugad\job-main\backend\node_modules\@prisma\client\runtime\library.js:121:6771)
    at Un.request (C:\Users\Admin\Documents\jugad\job-main\backend\node_modules\@prisma\client\runtime\library.js:121:6478)
    at async l (C:\Users\Admin\Documents\jugad\job-main\backend\node_modules\@prisma\client\runtime\library.js:130:9644)
    at async <anonymous> (C:\Users\Admin\Documents\jugad\job-main\backend\src\routes\admin\adminAuthRoutes.ts:21:19)
2026-06-13 13:11:07 info: [0mPOST /api/admin/auth/login [31m500[0m 5266.524 ms - 30[0m
2026-06-13 13:15:03 info: [0mOPTIONS /api/admin/auth/login [32m204[0m 0.680 ms - 0[0m
2026-06-13 13:15:05 info: [0mPOST /api/admin/auth/login [32m200[0m 2780.831 ms - 410[0m
2026-06-13 13:15:06 info: [0mOPTIONS /api/admin/hospitals [32m204[0m 0.442 ms - 0[0m
2026-06-13 13:15:07 info: [0mGET /api/admin/hospitals [31m500[0m 1296.688 ms - 37[0m
2026-06-13 13:15:07 info: [0mOPTIONS /api/admin/recruiters [32m204[0m 0.575 ms - 0[0m
2026-06-13 13:15:08 info: [0mGET /api/admin/recruiters [31m500[0m 1018.630 ms - 38[0m
2026-06-13 13:15:08 info: [0mOPTIONS /api/admin/candidates [32m204[0m 0.904 ms - 0[0m
2026-06-13 13:15:09 info: [0mGET /api/admin/candidates [32m200[0m 981.887 ms - 8595[0m
2026-06-13 13:15:09 info: [0mOPTIONS /api/admin/stats [32m204[0m 0.968 ms - 0[0m
2026-06-13 13:15:11 info: [0mGET /api/admin/stats [32m200[0m 1847.865 ms - 1537[0m
2026-06-13 13:15:11 info: [0mOPTIONS /api/admin/logs [32m204[0m 0.539 ms - 0[0m
2026-06-13 13:15:12 info: [0mGET /api/admin/logs [32m200[0m 1255.045 ms - 1115[0m
2026-06-13 13:15:13 info: [0mOPTIONS /api/admin/jobs [32m204[0m 0.467 ms - 0[0m
2026-06-13 13:15:14 info: [0mGET /api/admin/jobs [31m500[0m 1161.515 ms - 32[0m
2026-06-13 13:15:14 info: [0mOPTIONS /api/admin/applications [32m204[0m 1.273 ms - 0[0m
2026-06-13 13:15:16 error: PrismaClientKnownRequestError: 
Invalid `prisma.application.findMany()` invocation in
C:\Users\Admin\Documents\jugad\job-main\backend\src\routes\admin\adminJobRoutes.ts:137:26

  134 
  135 const [total, applications] = await prisma.$transaction([
  136   prisma.application.count({ where }),
→ 137   prisma.application.findMany(
The column `Hospital.verifiedAt` does not exist in the current database.
    at Un.handleRequestError (C:\Users\Admin\Documents\jugad\job-main\backend\node_modules\@prisma\client\runtime\library.js:121:7447)
    at Un.handleAndLogRequestError (C:\Users\Admin\Documents\jugad\job-main\backend\node_modules\@prisma\client\runtime\library.js:121:6771)
    at Un.request (C:\Users\Admin\Documents\jugad\job-main\backend\node_modules\@prisma\client\runtime\library.js:121:6478)
    at async l (C:\Users\Admin\Documents\jugad\job-main\backend\node_modules\@prisma\client\runtime\library.js:130:9644)
2026-06-13 13:15:16 info: [0mGET /api/admin/applications [31m500[0m 2058.553 ms - 40[0m
2026-06-13 13:22:19 info: Server running on http://127.0.0.1:3000
2026-06-13 13:22:19 info: Cron jobs initialized successfully.
2026-06-13 13:23:16 info: [0mGET /health [32m200[0m 15.771 ms - 49[0m
2026-06-13 13:23:18 info: [0mOPTIONS /api/admin/auth/login [32m204[0m 1.511 ms - 0[0m
2026-06-13 13:23:21 info: [0mPOST /api/admin/auth/login [32m200[0m 2787.015 ms - 410[0m
2026-06-13 13:23:21 info: [0mOPTIONS /api/admin/hospitals [32m204[0m 0.488 ms - 0[0m
2026-06-13 13:23:23 info: [0mGET /api/admin/hospitals [32m200[0m 1478.630 ms - 5591[0m
2026-06-13 13:23:23 info: [0mOPTIONS /api/admin/recruiters [32m204[0m 0.475 ms - 0[0m
2026-06-13 13:23:24 info: [0mGET /api/admin/recruiters [32m200[0m 1247.733 ms - 4991[0m
2026-06-13 13:23:24 info: [0mOPTIONS /api/admin/candidates [32m204[0m 0.466 ms - 0[0m
2026-06-13 13:23:25 info: [0mGET /api/admin/candidates [36m304[0m 1115.545 ms - -[0m
2026-06-13 13:23:25 info: [0mOPTIONS /api/admin/stats [32m204[0m 2.465 ms - 0[0m
2026-06-13 13:23:28 info: [0mGET /api/admin/stats [36m304[0m 2053.947 ms - -[0m
2026-06-13 13:23:28 info: [0mOPTIONS /api/admin/logs [32m204[0m 0.535 ms - 0[0m
2026-06-13 13:23:29 info: [0mGET /api/admin/logs [36m304[0m 1431.016 ms - -[0m
2026-06-13 13:23:29 info: [0mOPTIONS /api/admin/jobs [32m204[0m 0.518 ms - 0[0m
2026-06-13 13:23:31 info: [0mGET /api/admin/jobs [32m200[0m 1467.221 ms - 490[0m
2026-06-13 13:23:31 info: [0mOPTIONS /api/admin/applications [32m204[0m 1.203 ms - 0[0m
2026-06-13 13:23:34 info: [0mGET /api/admin/applications [32m200[0m 2554.901 ms - 27851[0m
2026-06-13 13:23:46 info: [0mOPTIONS /api/admin/subscriptions [32m204[0m 0.609 ms - 0[0m
2026-06-13 13:23:46 info: [0mOPTIONS /api/admin/subscriptions [32m204[0m 0.539 ms - 0[0m
2026-06-13 13:23:47 info: [0mGET /api/admin/subscriptions [32m200[0m 1410.187 ms - 625[0m
2026-06-13 13:23:48 info: [0mGET /api/admin/subscriptions [36m304[0m 835.408 ms - -[0m
2026-06-13 13:25:43 info: [0mGET /health [32m200[0m 2.006 ms - 49[0m
2026-06-13 13:26:05 info: [0mOPTIONS /api/candidates/me [32m204[0m 0.452 ms - 0[0m
2026-06-13 13:26:05 info: [0mGET /health [32m200[0m 0.935 ms - 49[0m
2026-06-13 13:26:05 info: [0mGET /health [32m200[0m 0.886 ms - 49[0m
2026-06-13 13:26:05 info: [0mOPTIONS /api/saved-jobs [32m204[0m 0.412 ms - 0[0m
2026-06-13 13:26:05 info: [0mGET /api/saved-jobs [32m200[0m 395.674 ms - 2[0m
2026-06-13 13:26:05 info: [0mGET /api/candidates/me [33m404[0m 605.389 ms - 39[0m
2026-06-13 13:26:07 info: [0mOPTIONS /api/jobs [32m204[0m 0.333 ms - 0[0m
2026-06-13 13:26:08 info: [0mGET /api/jobs [32m200[0m 934.628 ms - 5059[0m
2026-06-13 13:26:09 info: [0mGET /api/saved-jobs [36m304[0m 407.575 ms - -[0m
2026-06-13 13:26:15 info: [0mOPTIONS /api/saved-jobs [32m204[0m 0.442 ms - 0[0m
2026-06-13 13:26:15 info: [0mOPTIONS /api/saved-jobs [32m204[0m 0.435 ms - 0[0m
2026-06-13 13:26:15 info: [0mGET /api/saved-jobs [36m304[0m 147.674 ms - -[0m
2026-06-13 13:26:15 info: [0mGET /api/saved-jobs [36m304[0m 152.425 ms - -[0m
2026-06-13 13:26:17 info: [0mOPTIONS /api/applications [32m204[0m 0.577 ms - 0[0m
2026-06-13 13:26:17 info: [0mOPTIONS /api/applications [32m204[0m 0.434 ms - 0[0m
2026-06-13 13:26:17 info: [0mGET /api/applications [32m200[0m 433.638 ms - 2[0m
2026-06-13 13:26:17 info: [0mGET /api/applications [36m304[0m 159.220 ms - -[0m
2026-06-13 13:26:21 info: [0mOPTIONS /api/candidates/me [32m204[0m 0.370 ms - 0[0m
2026-06-13 13:26:21 info: [0mGET /api/candidates/me [33m404[0m 346.275 ms - 39[0m
2026-06-13 13:26:59 info: [0mOPTIONS /api/saved-jobs [32m204[0m 0.392 ms - 0[0m
2026-06-13 13:26:59 info: [0mOPTIONS /api/saved-jobs [32m204[0m 0.362 ms - 0[0m
2026-06-13 13:26:59 info: [0mGET /api/saved-jobs [36m304[0m 292.509 ms - -[0m
2026-06-13 13:26:59 info: [0mGET /api/saved-jobs [36m304[0m 154.016 ms - -[0m
2026-06-13 13:27:00 info: [0mOPTIONS /api/candidates/me [32m204[0m 0.377 ms - 0[0m
2026-06-13 13:27:01 info: [0mGET /api/candidates/me [33m404[0m 160.525 ms - 39[0m
2026-06-13 13:27:09 info: [0mOPTIONS /api/candidates/me [32m204[0m 0.587 ms - 0[0m
2026-06-13 13:27:09 info: [0mOPTIONS /api/saved-jobs [32m204[0m 0.345 ms - 0[0m
2026-06-13 13:27:09 info: [0mGET /health [32m200[0m 0.708 ms - 49[0m
2026-06-13 13:27:09 info: [0mGET /health [32m200[0m 0.798 ms - 49[0m
2026-06-13 13:27:09 info: [0mGET /api/candidates/me [33m404[0m 166.826 ms - 39[0m
2026-06-13 13:27:09 info: [0mGET /api/saved-jobs [36m304[0m 284.193 ms - -[0m
2026-06-13 13:27:24 info: [0mOPTIONS /api/candidates/me [32m204[0m 0.903 ms - 0[0m
2026-06-13 13:27:24 info: [0mOPTIONS /api/saved-jobs [32m204[0m 0.472 ms - 0[0m
2026-06-13 13:27:24 info: [0mGET /health [32m200[0m 0.816 ms - 49[0m
2026-06-13 13:27:24 info: [0mGET /health [32m200[0m 1.347 ms - 49[0m
2026-06-13 13:27:24 info: [0mGET /api/candidates/me [33m404[0m 265.019 ms - 39[0m
2026-06-13 13:27:24 info: [0mGET /api/saved-jobs [36m304[0m 300.556 ms - -[0m
2026-06-13 13:27:30 info: [0mOPTIONS /api/applications [32m204[0m 0.357 ms - 0[0m
2026-06-13 13:27:30 info: [0mOPTIONS /api/applications [32m204[0m 0.522 ms - 0[0m
2026-06-13 13:27:31 info: [0mGET /api/applications [36m304[0m 152.149 ms - -[0m
2026-06-13 13:27:31 info: [0mGET /api/applications [36m304[0m 196.416 ms - -[0m
2026-06-13 13:27:31 info: [0mOPTIONS /api/jobs [32m204[0m 0.305 ms - 0[0m
2026-06-13 13:27:32 info: [0mGET /api/jobs [36m304[0m 898.430 ms - -[0m
2026-06-13 13:27:32 info: [0mOPTIONS /api/saved-jobs [32m204[0m 0.370 ms - 0[0m
2026-06-13 13:27:33 info: [0mGET /api/saved-jobs [36m304[0m 148.253 ms - -[0m
2026-06-13 13:31:27 info: Server running on http://127.0.0.1:3000
2026-06-13 13:31:28 info: Cron jobs initialized successfully.
2026-06-13 13:31:32 info: [0mGET /api/jobs [32m200[0m 2604.695 ms - 5059[0m
2026-06-13 13:31:48 info: [0mGET /health [32m200[0m 6.680 ms - 49[0m
2026-06-13 13:31:49 info: [0mGET /api/saved-jobs [33m401[0m 1.992 ms - 24[0m
